c:\cours\m1\stage\simulationstage\particlessimulation\x64\release\vc142.pdb
c:\cours\m1\stage\simulationstage\particlessimulation\x64\release\shaders.obj
c:\cours\m1\stage\simulationstage\particlessimulation\x64\release\render_particles.obj
c:\cours\m1\stage\simulationstage\particlessimulation\x64\release\render_mesh.obj
c:\cours\m1\stage\simulationstage\particlessimulation\x64\release\particlesystem.obj
c:\cours\m1\stage\simulationstage\particlessimulation\x64\release\particles.obj
c:\cours\m1\stage\simulationstage\x64\release\particlessimulation.exe
c:\cours\m1\stage\simulationstage\particlessimulation\x64\release\particlessimulation.ipdb
c:\cours\m1\stage\simulationstage\particlessimulation\x64\release\particlessimulation.iobj
c:\cours\m1\stage\simulationstage\x64\release\particlessimulation.pdb
c:\cours\m1\stage\simulationstage\particlessimulation\x64\release\particlesystem_cuda.cu.cache
c:\cours\m1\stage\simulationstage\particlessimulation\x64\release\particlesystem_cuda.cu.obj
c:\cours\m1\stage\simulationstage\particlessimulation\x64\release\particle.a15f1e21.tlog\cl.command.1.tlog
c:\cours\m1\stage\simulationstage\particlessimulation\x64\release\particle.a15f1e21.tlog\cl.read.1.tlog
c:\cours\m1\stage\simulationstage\particlessimulation\x64\release\particle.a15f1e21.tlog\cl.write.1.tlog
c:\cours\m1\stage\simulationstage\particlessimulation\x64\release\particle.a15f1e21.tlog\cudacompile.read.1u.tlog
c:\cours\m1\stage\simulationstage\particlessimulation\x64\release\particle.a15f1e21.tlog\cudacompile.write.1u.tlog
c:\cours\m1\stage\simulationstage\particlessimulation\x64\release\particle.a15f1e21.tlog\link.command.1.tlog
c:\cours\m1\stage\simulationstage\particlessimulation\x64\release\particle.a15f1e21.tlog\link.read.1.tlog
c:\cours\m1\stage\simulationstage\particlessimulation\x64\release\particle.a15f1e21.tlog\link.write.1.tlog
