c:\cours\m1\stage\simulationstage\particlessimulation\x64\debug\triangle_mesh_model.obj
c:\cours\m1\stage\simulationstage\particlessimulation\x64\debug\triangle_mesh.obj
c:\cours\m1\stage\simulationstage\particlessimulation\x64\debug\shaders.obj
c:\cours\m1\stage\simulationstage\particlessimulation\x64\debug\render_particles.obj
c:\cours\m1\stage\simulationstage\particlessimulation\x64\debug\particlesystem.obj
c:\cours\m1\stage\simulationstage\particlessimulation\x64\debug\particles.obj
c:\cours\m1\stage\simulationstage\particlessimulation\x64\debug\render_mesh.obj
x64\debug\particlesystem_cuda.cu.obj
c:\cours\m1\stage\simulationstage\x64\debug\particlessimulation.exe
c:\cours\m1\stage\simulationstage\particlessimulation\x64\debug\particlessimulation.iobj
c:\cours\m1\stage\simulationstage\x64\debug\particlessimulation.pdb
c:\cours\m1\stage\simulationstage\particlessimulation\x64\debug\particlesystem_cuda.cu.cache
c:\cours\m1\stage\simulationstage\particlessimulation\x64\debug\particlesystem_cuda.cu.obj
c:\cours\m1\stage\simulationstage\particlessimulation\x64\debug\vc142.pdb
c:\cours\m1\stage\simulationstage\particlessimulation\x64\debug\particle.a15f1e21.tlog\cl.command.1.tlog
c:\cours\m1\stage\simulationstage\particlessimulation\x64\debug\particle.a15f1e21.tlog\cl.read.1.tlog
c:\cours\m1\stage\simulationstage\particlessimulation\x64\debug\particle.a15f1e21.tlog\cl.write.1.tlog
c:\cours\m1\stage\simulationstage\particlessimulation\x64\debug\particle.a15f1e21.tlog\cudacompile.read.1u.tlog
c:\cours\m1\stage\simulationstage\particlessimulation\x64\debug\particle.a15f1e21.tlog\cudacompile.write.1u.tlog
c:\cours\m1\stage\simulationstage\particlessimulation\x64\debug\particle.a15f1e21.tlog\link.command.1.tlog
c:\cours\m1\stage\simulationstage\particlessimulation\x64\debug\particle.a15f1e21.tlog\link.read.1.tlog
c:\cours\m1\stage\simulationstage\particlessimulation\x64\debug\particle.a15f1e21.tlog\link.write.1.tlog
